tongxui/build/outputs/logs/manifest-merger-debug-report.txt
-- Merging decision tree log ---
manifest
ADDED from src\main\AndroidManifest.xml:2:1-304:12
INJECTED from src\main\AndroidManifest.xml:2:1-304:12
INJECTED from src\main\AndroidManifest.xml:2:1-304:12
INJECTED from src\main\AndroidManifest.xml:2:1-304:12
INJECTED from src\main\AndroidManifest.xml:2:1-304:12
INJECTED from src\main\AndroidManifest.xml:2:1-304:12
INJECTED from src\main\AndroidManifest.xml:2:1-304:12
	package
		ADDED from src\main\AndroidManifest.xml:3:5-42
		INJECTED from src\main\AndroidManifest.xml
		INJECTED from src\main\AndroidManifest.xml
	android:versionName
		INJECTED from src\main\AndroidManifest.xml
		ADDED from src\main\AndroidManifest.xml:2:1-304:12
		INJECTED from src\main\AndroidManifest.xml
	android:versionCode
		INJECTED from src\main\AndroidManifest.xml
		ADDED from src\main\AndroidManifest.xml:2:1-304:12
		INJECTED from src\main\AndroidManifest.xml
	xmlns:android
		ADDED from src\main\AndroidManifest.xml:2:11-69
uses-permission#android.permission.ACCESS_NETWORK_STATE
ADDED from src\main\AndroidManifest.xml:5:5-79
	android:name
		ADDED from src\main\AndroidManifest.xml:5:22-76
uses-permission#android.permission.INTERNET
ADDED from src\main\AndroidManifest.xml:6:5-67
	android:name
		ADDED from src\main\AndroidManifest.xml:6:22-64
uses-permission#android.permission.ACCESS_WIFI_STATE
ADDED from src\main\AndroidManifest.xml:7:5-76
	android:name
		ADDED from src\main\AndroidManifest.xml:7:22-73
uses-permission#android.permission.WRITE_EXTERNAL_STORAGE
ADDED from src\main\AndroidManifest.xml:9:5-81
	android:name
		ADDED from src\main\AndroidManifest.xml:9:22-78
uses-permission#android.permission.CAMERA
ADDED from src\main\AndroidManifest.xml:10:5-65
	android:name
		ADDED from src\main\AndroidManifest.xml:10:22-62
uses-permission#android.permission.RECORD_AUDIO
ADDED from src\main\AndroidManifest.xml:11:5-71
	android:name
		ADDED from src\main\AndroidManifest.xml:11:22-68
uses-permission#android.permission.READ_PHONE_STATE
ADDED from src\main\AndroidManifest.xml:12:5-75
	android:name
		ADDED from src\main\AndroidManifest.xml:12:22-72
uses-permission#android.permission.VIBRATE
ADDED from src\main\AndroidManifest.xml:14:5-66
	android:name
		ADDED from src\main\AndroidManifest.xml:14:22-63
uses-permission#android.permission.REQUEST_INSTALL_PACKAGES
ADDED from src\main\AndroidManifest.xml:15:5-83
	android:name
		ADDED from src\main\AndroidManifest.xml:15:22-80
permission#com.tencent.qcloud.tim.tuikit.permission.PROCESS_PUSH_MSG
ADDED from src\main\AndroidManifest.xml:18:5-20:55
	android:protectionLevel
		ADDED from src\main\AndroidManifest.xml:20:9-52
	android:name
		ADDED from src\main\AndroidManifest.xml:19:9-81
uses-permission#com.tencent.qcloud.tim.tuikit.permission.PROCESS_PUSH_MSG
ADDED from src\main\AndroidManifest.xml:22:5-97
	android:name
		ADDED from src\main\AndroidManifest.xml:22:22-94
permission#com.tencent.qcloud.tim.tuikit.permission.MIPUSH_RECEIVE
ADDED from src\main\AndroidManifest.xml:25:5-27:47
	android:protectionLevel
		ADDED from src\main\AndroidManifest.xml:27:9-44
	android:name
		ADDED from src\main\AndroidManifest.xml:26:9-79
uses-permission#com.tencent.qcloud.tim.tuikit.permission.MIPUSH_RECEIVE
ADDED from src\main\AndroidManifest.xml:29:5-95
	android:name
		ADDED from src\main\AndroidManifest.xml:29:22-92
uses-permission#com.meizu.flyme.push.permission.RECEIVE
ADDED from src\main\AndroidManifest.xml:33:5-79
	android:name
		ADDED from src\main\AndroidManifest.xml:33:22-76
permission#com.tencent.qcloud.tim.tuikit.push.permission.MESSAGE
ADDED from src\main\AndroidManifest.xml:35:5-37:47
	android:protectionLevel
		ADDED from src\main\AndroidManifest.xml:37:9-44
	android:name
		ADDED from src\main\AndroidManifest.xml:36:9-77
uses-permission#com.tencent.qcloud.tim.tuikit.push.permission.MESSAGE
ADDED from src\main\AndroidManifest.xml:39:5-93
	android:name
		ADDED from src\main\AndroidManifest.xml:39:22-90
uses-permission#com.meizu.c2dm.permission.RECEIVE
ADDED from src\main\AndroidManifest.xml:42:5-73
	android:name
		ADDED from src\main\AndroidManifest.xml:42:22-70
permission#com.tencent.qcloud.tim.tuikit.permission.C2D_MESSAGE
ADDED from src\main\AndroidManifest.xml:44:5-47:47
	android:protectionLevel
		ADDED from src\main\AndroidManifest.xml:47:9-44
	android:name
		ADDED from src\main\AndroidManifest.xml:45:9-76
uses-permission#com.tencent.qcloud.tim.tuikit.permission.C2D_MESSAGE
ADDED from src\main\AndroidManifest.xml:48:5-92
	android:name
		ADDED from src\main\AndroidManifest.xml:48:22-89
application
ADDED from src\main\AndroidManifest.xml:57:5-302:19
activity#com.tencent.qcloud.tim.demo.SplashActivity
ADDED from src\main\AndroidManifest.xml:58:9-68:20
	android:screenOrientation
		ADDED from src\main\AndroidManifest.xml:60:13-49
	android:theme
		ADDED from src\main\AndroidManifest.xml:61:13-47
	android:name
		ADDED from src\main\AndroidManifest.xml:59:13-70
activity#com.tencent.qcloud.tim.demo.login.LoginForDevActivity
ADDED from src\main\AndroidManifest.xml:70:9-72:52
	android:screenOrientation
		ADDED from src\main\AndroidManifest.xml:72:13-49
	android:name
		ADDED from src\main\AndroidManifest.xml:71:13-81
activity#com.tencent.qcloud.tim.demo.chat.ChatActivity
ADDED from src\main\AndroidManifest.xml:73:9-77:70
	android:screenOrientation
		ADDED from src\main\AndroidManifest.xml:76:13-49
	android:launchMode
		ADDED from src\main\AndroidManifest.xml:75:13-44
	android:windowSoftInputMode
		ADDED from src\main\AndroidManifest.xml:77:13-67
	android:name
		ADDED from src\main\AndroidManifest.xml:74:13-73
activity#com.tencent.qcloud.tim.demo.main.MainActivity
ADDED from src\main\AndroidManifest.xml:78:9-81:52
	android:screenOrientation
		ADDED from src\main\AndroidManifest.xml:81:13-49
	android:launchMode
		ADDED from src\main\AndroidManifest.xml:80:13-44
	android:name
		ADDED from src\main\AndroidManifest.xml:79:13-73
activity#com.tencent.qcloud.tim.demo.menu.AddMoreActivity
ADDED from src\main\AndroidManifest.xml:82:9-84:52
	android:screenOrientation
		ADDED from src\main\AndroidManifest.xml:84:13-49
	android:name
		ADDED from src\main\AndroidManifest.xml:83:13-76
activity#com.tencent.qcloud.tim.demo.contact.FriendProfileActivity
ADDED from src\main\AndroidManifest.xml:85:9-87:52
	android:screenOrientation
		ADDED from src\main\AndroidManifest.xml:87:13-49
	android:name
		ADDED from src\main\AndroidManifest.xml:86:13-85
activity#com.tencent.qcloud.tim.demo.contact.NewFriendActivity
ADDED from src\main\AndroidManifest.xml:88:9-90:52
	android:screenOrientation
		ADDED from src\main\AndroidManifest.xml:90:13-49
	android:name
		ADDED from src\main\AndroidManifest.xml:89:13-81
activity#com.tencent.qcloud.tim.demo.contact.BlackListActivity
ADDED from src\main\AndroidManifest.xml:91:9-93:52
	android:screenOrientation
		ADDED from src\main\AndroidManifest.xml:93:13-49
	android:name
		ADDED from src\main\AndroidManifest.xml:92:13-81
activity#com.tencent.qcloud.tim.demo.contact.GroupListActivity
ADDED from src\main\AndroidManifest.xml:94:9-96:52
	android:screenOrientation
		ADDED from src\main\AndroidManifest.xml:96:13-49
	android:name
		ADDED from src\main\AndroidManifest.xml:95:13-81
activity#com.tencent.qcloud.tim.demo.menu.StartC2CChatActivity
ADDED from src\main\AndroidManifest.xml:97:9-99:52
	android:screenOrientation
		ADDED from src\main\AndroidManifest.xml:99:13-49
	android:name
		ADDED from src\main\AndroidManifest.xml:98:13-81
activity#com.tencent.qcloud.tim.demo.profile.WebViewActivity
ADDED from src\main\AndroidManifest.xml:100:9-102:52
	android:screenOrientation
		ADDED from src\main\AndroidManifest.xml:102:13-49
	android:name
		ADDED from src\main\AndroidManifest.xml:101:13-79
activity#com.tencent.qcloud.tim.demo.menu.StartGroupChatActivity
ADDED from src\main\AndroidManifest.xml:103:9-106:73
	android:screenOrientation
		ADDED from src\main\AndroidManifest.xml:105:13-49
	android:windowSoftInputMode
		ADDED from src\main\AndroidManifest.xml:106:13-70
	android:name
		ADDED from src\main\AndroidManifest.xml:104:13-83
service#com.xiaomi.push.service.XMPushService
ADDED from src\main\AndroidManifest.xml:134:9-137:46
	android:process
		ADDED from src\main\AndroidManifest.xml:137:13-43
	android:enabled
		ADDED from src\main\AndroidManifest.xml:136:13-35
	android:name
		ADDED from src\main\AndroidManifest.xml:135:13-65
service#com.xiaomi.push.service.XMJobService
ADDED from src\main\AndroidManifest.xml:138:9-143:46
	android:process
		ADDED from src\main\AndroidManifest.xml:143:13-43
	android:enabled
		ADDED from src\main\AndroidManifest.xml:140:13-35
	android:exported
		ADDED from src\main\AndroidManifest.xml:141:13-37
	android:permission
		ADDED from src\main\AndroidManifest.xml:142:13-69
	android:name
		ADDED from src\main\AndroidManifest.xml:139:13-64
service#com.xiaomi.mipush.sdk.PushMessageHandler
ADDED from src\main\AndroidManifest.xml:146:9-149:39
	android:enabled
		ADDED from src\main\AndroidManifest.xml:148:13-35
	android:exported
		ADDED from src\main\AndroidManifest.xml:149:13-36
	android:name
		ADDED from src\main\AndroidManifest.xml:147:13-68
service#com.xiaomi.mipush.sdk.MessageHandleService
ADDED from src\main\AndroidManifest.xml:150:9-152:38
	android:enabled
		ADDED from src\main\AndroidManifest.xml:152:13-35
	android:name
		ADDED from src\main\AndroidManifest.xml:151:13-70
receiver#com.xiaomi.push.service.receivers.NetworkStatusReceiver
ADDED from src\main\AndroidManifest.xml:155:9-163:20
	android:exported
		ADDED from src\main\AndroidManifest.xml:157:13-36
	android:name
		ADDED from src\main\AndroidManifest.xml:156:13-83
intent-filter#action:name:android.net.conn.CONNECTIVITY_CHANGE+category:name:android.intent.category.DEFAULT
ADDED from src\main\AndroidManifest.xml:158:13-162:29
action#android.net.conn.CONNECTIVITY_CHANGE
ADDED from src\main\AndroidManifest.xml:159:17-79
	android:name
		ADDED from src\main\AndroidManifest.xml:159:25-76
category#android.intent.category.DEFAULT
ADDED from src\main\AndroidManifest.xml:161:17-76
	android:name
		ADDED from src\main\AndroidManifest.xml:161:27-73
receiver#com.xiaomi.push.service.receivers.PingReceiver
ADDED from src\main\AndroidManifest.xml:164:9-171:20
	android:process
		ADDED from src\main\AndroidManifest.xml:167:13-43
	android:exported
		ADDED from src\main\AndroidManifest.xml:166:13-37
	android:name
		ADDED from src\main\AndroidManifest.xml:165:13-74
intent-filter#action:name:com.xiaomi.push.PING_TIMER
ADDED from src\main\AndroidManifest.xml:168:13-170:29
action#com.xiaomi.push.PING_TIMER
ADDED from src\main\AndroidManifest.xml:169:17-69
	android:name
		ADDED from src\main\AndroidManifest.xml:169:25-66
receiver#com.tencent.qcloud.tim.demo.thirdpush.XiaomiMsgReceiver
ADDED from src\main\AndroidManifest.xml:174:9-186:20
	android:exported
		ADDED from src\main\AndroidManifest.xml:176:13-36
	android:name
		ADDED from src\main\AndroidManifest.xml:175:13-83
intent-filter#action:name:com.xiaomi.mipush.RECEIVE_MESSAGE
ADDED from src\main\AndroidManifest.xml:177:13-179:29
action#com.xiaomi.mipush.RECEIVE_MESSAGE
ADDED from src\main\AndroidManifest.xml:178:17-76
	android:name
		ADDED from src\main\AndroidManifest.xml:178:25-73
intent-filter#action:name:com.xiaomi.mipush.MESSAGE_ARRIVED
ADDED from src\main\AndroidManifest.xml:180:13-182:29
action#com.xiaomi.mipush.MESSAGE_ARRIVED
ADDED from src\main\AndroidManifest.xml:181:17-76
	android:name
		ADDED from src\main\AndroidManifest.xml:181:25-73
intent-filter#action:name:com.xiaomi.mipush.ERROR
ADDED from src\main\AndroidManifest.xml:183:13-185:29
action#com.xiaomi.mipush.ERROR
ADDED from src\main\AndroidManifest.xml:184:17-66
	android:name
		ADDED from src\main\AndroidManifest.xml:184:25-63
meta-data#com.huawei.hms.client.appid
ADDED from src\main\AndroidManifest.xml:190:9-192:47
	android:value
		ADDED from src\main\AndroidManifest.xml:192:13-44
	android:name
		ADDED from src\main\AndroidManifest.xml:191:13-55
provider#com.huawei.hms.update.provider.UpdateProvider
ADDED from src\main\AndroidManifest.xml:194:9-198:50
	android:grantUriPermissions
		ADDED from src\main\AndroidManifest.xml:198:13-47
	android:authorities
		ADDED from src\main\AndroidManifest.xml:196:13-84
	android:exported
		ADDED from src\main\AndroidManifest.xml:197:13-37
	android:name
		ADDED from src\main\AndroidManifest.xml:195:13-73
provider#com.huawei.updatesdk.fileprovider.UpdateSdkFileProvider
ADDED from src\main\AndroidManifest.xml:200:9-204:49
	android:grantUriPermissions
		ADDED from src\main\AndroidManifest.xml:204:13-47
	android:authorities
		ADDED from src\main\AndroidManifest.xml:202:13-87
	android:exported
		ADDED from src\main\AndroidManifest.xml:203:13-37
	android:name
		ADDED from src\main\AndroidManifest.xml:201:13-83
activity#com.huawei.android.hms.agent.common.HMSAgentActivity
ADDED from src\main\AndroidManifest.xml:206:9-216:20
	android:excludeFromRecents
		ADDED from src\main\AndroidManifest.xml:209:13-46
	android:hardwareAccelerated
		ADDED from src\main\AndroidManifest.xml:211:13-47
	android:exported
		ADDED from src\main\AndroidManifest.xml:210:13-37
	android:configChanges
		ADDED from src\main\AndroidManifest.xml:208:13-92
	android:theme
		ADDED from src\main\AndroidManifest.xml:212:13-61
	android:name
		ADDED from src\main\AndroidManifest.xml:207:13-80
meta-data#hwc-theme
ADDED from src\main\AndroidManifest.xml:213:13-215:77
	android:value
		ADDED from src\main\AndroidManifest.xml:215:17-74
	android:name
		ADDED from src\main\AndroidManifest.xml:214:17-41
activity#com.huawei.hms.activity.BridgeActivity
ADDED from src\main\AndroidManifest.xml:218:9-228:20
	android:excludeFromRecents
		ADDED from src\main\AndroidManifest.xml:221:13-46
	android:hardwareAccelerated
		ADDED from src\main\AndroidManifest.xml:223:13-47
	android:exported
		ADDED from src\main\AndroidManifest.xml:222:13-37
	android:configChanges
		ADDED from src\main\AndroidManifest.xml:220:13-92
	android:theme
		ADDED from src\main\AndroidManifest.xml:224:13-61
	android:name
		ADDED from src\main\AndroidManifest.xml:219:13-66
receiver#com.tencent.qcloud.tim.demo.thirdpush.HUAWEIPushReceiver
ADDED from src\main\AndroidManifest.xml:230:9-242:20
	android:permission
		ADDED from src\main\AndroidManifest.xml:232:13-91
	android:name
		ADDED from src\main\AndroidManifest.xml:231:13-84
intent-filter#action:name:com.huawei.android.push.intent.RECEIVE+action:name:com.huawei.android.push.intent.REGISTRATION+action:name:com.huawei.intent.action.PUSH_DELAY_NOTIFY
ADDED from src\main\AndroidManifest.xml:233:13-241:29
action#com.huawei.android.push.intent.REGISTRATION
ADDED from src\main\AndroidManifest.xml:236:17-86
	android:name
		ADDED from src\main\AndroidManifest.xml:236:25-83
action#com.huawei.android.push.intent.RECEIVE
ADDED from src\main\AndroidManifest.xml:238:17-81
	android:name
		ADDED from src\main\AndroidManifest.xml:238:25-78
action#com.huawei.intent.action.PUSH_DELAY_NOTIFY
ADDED from src\main\AndroidManifest.xml:240:17-85
	android:name
		ADDED from src\main\AndroidManifest.xml:240:25-82
service#com.huawei.hms.support.api.push.service.HmsMsgService
ADDED from src\main\AndroidManifest.xml:244:9-253:19
	android:process
		ADDED from src\main\AndroidManifest.xml:248:13-43
	android:enabled
		ADDED from src\main\AndroidManifest.xml:246:13-35
	android:exported
		ADDED from src\main\AndroidManifest.xml:247:13-36
	android:name
		ADDED from src\main\AndroidManifest.xml:245:13-81
intent-filter#action:name:com.huawei.push.msg.NOTIFY_MSG+action:name:com.huawei.push.msg.PASSBY_MSG
ADDED from src\main\AndroidManifest.xml:249:13-252:29
action#com.huawei.push.msg.NOTIFY_MSG
ADDED from src\main\AndroidManifest.xml:250:17-73
	android:name
		ADDED from src\main\AndroidManifest.xml:250:25-70
action#com.huawei.push.msg.PASSBY_MSG
ADDED from src\main\AndroidManifest.xml:251:17-73
	android:name
		ADDED from src\main\AndroidManifest.xml:251:25-70
receiver#com.tencent.qcloud.tim.demo.thirdpush.MEIZUPushReceiver
ADDED from src\main\AndroidManifest.xml:258:9-273:20
	android:name
		ADDED from src\main\AndroidManifest.xml:258:19-89
intent-filter#action:name:com.meizu.c2dm.intent.RECEIVE+action:name:com.meizu.c2dm.intent.REGISTRATION+action:name:com.meizu.flyme.push.intent.MESSAGE+action:name:com.meizu.flyme.push.intent.REGISTER.FEEDBACK+action:name:com.meizu.flyme.push.intent.UNREGISTER.FEEDBACK+category:name:com.tencent.qcloud.uipojo.thirdpush
ADDED from src\main\AndroidManifest.xml:259:13-272:29
action#com.meizu.flyme.push.intent.MESSAGE
ADDED from src\main\AndroidManifest.xml:262:17-78
	android:name
		ADDED from src\main\AndroidManifest.xml:262:25-75
action#com.meizu.flyme.push.intent.REGISTER.FEEDBACK
ADDED from src\main\AndroidManifest.xml:264:17-88
	android:name
		ADDED from src\main\AndroidManifest.xml:264:25-85
action#com.meizu.flyme.push.intent.UNREGISTER.FEEDBACK
ADDED from src\main\AndroidManifest.xml:266:17-90
	android:name
		ADDED from src\main\AndroidManifest.xml:266:25-87
action#com.meizu.c2dm.intent.REGISTRATION
ADDED from src\main\AndroidManifest.xml:268:17-77
	android:name
		ADDED from src\main\AndroidManifest.xml:268:25-74
action#com.meizu.c2dm.intent.RECEIVE
ADDED from src\main\AndroidManifest.xml:269:17-72
	android:name
		ADDED from src\main\AndroidManifest.xml:269:25-69
category#com.tencent.qcloud.uipojo.thirdpush
ADDED from src\main\AndroidManifest.xml:271:17-80
	android:name
		ADDED from src\main\AndroidManifest.xml:271:27-77
service#com.vivo.push.sdk.service.CommandClientService
ADDED from src\main\AndroidManifest.xml:277:9-279:39
	android:exported
		ADDED from src\main\AndroidManifest.xml:279:13-36
	android:name
		ADDED from src\main\AndroidManifest.xml:278:13-74
activity#com.vivo.push.sdk.LinkProxyClientActivity
ADDED from src\main\AndroidManifest.xml:281:9-285:75
	android:screenOrientation
		ADDED from src\main\AndroidManifest.xml:284:13-49
	android:exported
		ADDED from src\main\AndroidManifest.xml:283:13-37
	android:theme
		ADDED from src\main\AndroidManifest.xml:285:13-72
	android:name
		ADDED from src\main\AndroidManifest.xml:282:13-69
receiver#com.tencent.qcloud.tim.demo.thirdpush.VIVOPushMessageReceiverImpl
ADDED from src\main\AndroidManifest.xml:288:9-294:20
	android:name
		ADDED from src\main\AndroidManifest.xml:288:19-99
intent-filter#action:name:com.vivo.pushclient.action.RECEIVE
ADDED from src\main\AndroidManifest.xml:289:13-293:29
action#com.vivo.pushclient.action.RECEIVE
ADDED from src\main\AndroidManifest.xml:292:17-77
	android:name
		ADDED from src\main\AndroidManifest.xml:292:25-74
meta-data#com.vivo.push.api_key
ADDED from src\main\AndroidManifest.xml:296:9-298:68
	android:value
		ADDED from src\main\AndroidManifest.xml:298:13-65
	android:name
		ADDED from src\main\AndroidManifest.xml:297:13-49
meta-data#com.vivo.push.app_id
ADDED from src\main\AndroidManifest.xml:299:9-301:37
	android:value
		ADDED from src\main\AndroidManifest.xml:301:13-34
	android:name
		ADDED from src\main\AndroidManifest.xml:300:13-48
uses-sdk
INJECTED from src\main\AndroidManifest.xml reason: use-sdk injection requested
INJECTED from src\main\AndroidManifest.xml
INJECTED from src\main\AndroidManifest.xml
INJECTED from src\main\AndroidManifest.xml
INJECTED from src\main\AndroidManifest.xml
	android:targetSdkVersion
		INJECTED from src\main\AndroidManifest.xml
		ADDED from src\main\AndroidManifest.xml
		INJECTED from src\main\AndroidManifest.xml
	android:minSdkVersion
		INJECTED from src\main\AndroidManifest.xml
		ADDED from src\main\AndroidManifest.xml
		INJECTED from src\main\AndroidManifest.xml